Using pre-set license
Built from '2021.3/staging' branch; Version is '2021.3.6f1 (7da38d85baf6) revision 8233869'; Using compiler version '192829333'; Build Type 'Release'
OS: 'Windows 10  (10.0.19044) 64bit Core' Language: 'ko' Physical Memory: 7778 MB
BatchMode: 1, IsHumanControllingUs: 0, StartBugReporterOnCrash: 0, Is64bit: 1, IsPro: 1

COMMAND LINE ARGUMENTS:
C:\Program Files\Unity\Hub\Editor\2021.3.6f1\Editor\Unity.exe
-adb2
-batchMode
-noUpm
-name
AssetImportWorker1
-projectPath
C:/Unity3D_NowOut/NowOut2022
-logFile
Logs/AssetImportWorker1.log
-srvPort
<<<<<<< HEAD
63686
Successfully changed project path to: C:/Unity3D_NowOut/NowOut2022
C:/Unity3D_NowOut/NowOut2022
=======
62708
Successfully changed project path to: C:/Program Files/GitHub/Unity3D_NowOut/NowOut2022
C:/Program Files/GitHub/Unity3D_NowOut/NowOut2022
>>>>>>> b7c671b61787122e07d38899772dbb7b86349bf5
[UnityMemory] Configuration Parameters - Can be set up in boot.config
    "memorysetup-bucket-allocator-granularity=16"
    "memorysetup-bucket-allocator-bucket-count=8"
    "memorysetup-bucket-allocator-block-size=33554432"
    "memorysetup-bucket-allocator-block-count=8"
    "memorysetup-main-allocator-block-size=16777216"
    "memorysetup-thread-allocator-block-size=16777216"
    "memorysetup-gfx-main-allocator-block-size=16777216"
    "memorysetup-gfx-thread-allocator-block-size=16777216"
    "memorysetup-cache-allocator-block-size=4194304"
    "memorysetup-typetree-allocator-block-size=2097152"
    "memorysetup-profiler-bucket-allocator-granularity=16"
    "memorysetup-profiler-bucket-allocator-bucket-count=8"
    "memorysetup-profiler-bucket-allocator-block-size=33554432"
    "memorysetup-profiler-bucket-allocator-block-count=8"
    "memorysetup-profiler-allocator-block-size=16777216"
    "memorysetup-profiler-editor-allocator-block-size=1048576"
    "memorysetup-temp-allocator-size-main=16777216"
    "memorysetup-job-temp-allocator-block-size=2097152"
    "memorysetup-job-temp-allocator-block-size-background=1048576"
    "memorysetup-job-temp-allocator-reduction-small-platforms=262144"
    "memorysetup-temp-allocator-size-background-worker=32768"
    "memorysetup-temp-allocator-size-job-worker=262144"
    "memorysetup-temp-allocator-size-preload-manager=33554432"
    "memorysetup-temp-allocator-size-nav-mesh-worker=65536"
    "memorysetup-temp-allocator-size-audio-worker=65536"
    "memorysetup-temp-allocator-size-cloud-worker=32768"
    "memorysetup-temp-allocator-size-gi-baking-worker=262144"
    "memorysetup-temp-allocator-size-gfx=262144"
<<<<<<< HEAD
Refreshing native plugins compatible for Editor in 459.37 ms, found 3 plugins.
=======
Refreshing native plugins compatible for Editor in 294.77 ms, found 3 plugins.
>>>>>>> b7c671b61787122e07d38899772dbb7b86349bf5
Preloading 0 native plugins for Editor in 0.00 ms.
Initialize engine version: 2021.3.6f1 (7da38d85baf6)
[Subsystems] Discovering subsystems at path C:/Program Files/Unity/Hub/Editor/2021.3.6f1/Editor/Data/Resources/UnitySubsystems
[Subsystems] Discovering subsystems at path C:/Unity3D_NowOut/NowOut2022/Assets
GfxDevice: creating device client; threaded=0; jobified=0
Direct3D:
    Version:  Direct3D 11.0 [level 11.1]
    Renderer: Intel(R) Iris(R) Plus Graphics (ID=0x8a52)
    Vendor:   Intel
    VRAM:     3889 MB
    Driver:   27.20.100.9621
Initialize mono
Mono path[0] = 'C:/Program Files/Unity/Hub/Editor/2021.3.6f1/Editor/Data/Managed'
Mono path[1] = 'C:/Program Files/Unity/Hub/Editor/2021.3.6f1/Editor/Data/MonoBleedingEdge/lib/mono/unityjit-win32'
Mono config path = 'C:/Program Files/Unity/Hub/Editor/2021.3.6f1/Editor/Data/MonoBleedingEdge/etc'
<<<<<<< HEAD
Using monoOptions --debugger-agent=transport=dt_socket,embedding=1,server=y,suspend=n,address=127.0.0.1:56480
=======
Using monoOptions --debugger-agent=transport=dt_socket,embedding=1,server=y,suspend=n,address=127.0.0.1:56272
>>>>>>> b7c671b61787122e07d38899772dbb7b86349bf5
Begin MonoManager ReloadAssembly
Registering precompiled unity dll's ...
Register platform support module: C:/Program Files/Unity/Hub/Editor/2021.3.6f1/Editor/Data/PlaybackEngines/AndroidPlayer/UnityEditor.Android.Extensions.dll
Register platform support module: C:/Program Files/Unity/Hub/Editor/2021.3.6f1/Editor/Data/PlaybackEngines/WindowsStandaloneSupport/UnityEditor.WindowsStandalone.Extensions.dll
<<<<<<< HEAD
Registered in 0.047458 seconds.
Native extension for WindowsStandalone target not found
Native extension for Android target not found
Refreshing native plugins compatible for Editor in 442.61 ms, found 3 plugins.
Preloading 0 native plugins for Editor in 0.00 ms.
Mono: successfully reloaded assembly
- Completed reload, in  3.695 seconds
Domain Reload Profiling:
	ReloadAssembly (3698ms)
		BeginReloadAssembly (448ms)
=======
Registered in 0.024946 seconds.
Native extension for WindowsStandalone target not found
Native extension for Android target not found
Refreshing native plugins compatible for Editor in 355.90 ms, found 3 plugins.
Preloading 0 native plugins for Editor in 0.00 ms.
Mono: successfully reloaded assembly
- Completed reload, in  5.066 seconds
Domain Reload Profiling:
	ReloadAssembly (5068ms)
		BeginReloadAssembly (1166ms)
>>>>>>> b7c671b61787122e07d38899772dbb7b86349bf5
			ExecutionOrderSort (0ms)
			DisableScriptedObjects (0ms)
			BackupInstance (0ms)
			ReleaseScriptingObjects (0ms)
<<<<<<< HEAD
			CreateAndSetChildDomain (4ms)
		EndReloadAssembly (2619ms)
			LoadAssemblies (434ms)
			RebuildTransferFunctionScriptingTraits (0ms)
			SetupTypeCache (556ms)
			ReleaseScriptCaches (0ms)
			RebuildScriptCaches (161ms)
			SetupLoadedEditorAssemblies (1623ms)
				LogAssemblyErrors (0ms)
				InitializePlatformSupportModulesInManaged (322ms)
				SetLoadedEditorAssemblies (1ms)
				RefreshPlugins (443ms)
				BeforeProcessingInitializeOnLoad (5ms)
				ProcessInitializeOnLoadAttributes (560ms)
				ProcessInitializeOnLoadMethodAttributes (288ms)
=======
			CreateAndSetChildDomain (14ms)
		EndReloadAssembly (3354ms)
			LoadAssemblies (1132ms)
			RebuildTransferFunctionScriptingTraits (0ms)
			SetupTypeCache (859ms)
			ReleaseScriptCaches (0ms)
			RebuildScriptCaches (138ms)
			SetupLoadedEditorAssemblies (1946ms)
				LogAssemblyErrors (0ms)
				InitializePlatformSupportModulesInManaged (218ms)
				SetLoadedEditorAssemblies (1ms)
				RefreshPlugins (356ms)
				BeforeProcessingInitializeOnLoad (5ms)
				ProcessInitializeOnLoadAttributes (784ms)
				ProcessInitializeOnLoadMethodAttributes (581ms)
>>>>>>> b7c671b61787122e07d38899772dbb7b86349bf5
				AfterProcessingInitializeOnLoad (0ms)
				EditorAssembliesLoaded (4ms)
			ExecutionOrderSort2 (0ms)
			AwakeInstancesAfterBackupRestoration (0ms)
Platform modules already initialized, skipping
Registering precompiled user dll's ...
<<<<<<< HEAD
Registered in 0.044791 seconds.
=======
Registered in 0.028850 seconds.
>>>>>>> b7c671b61787122e07d38899772dbb7b86349bf5
Begin MonoManager ReloadAssembly
Symbol file LoadedFromMemory doesn't match image C:\Unity3D_NowOut\NowOut2022\Library\PackageCache\com.unity.visualscripting@1.7.8\Editor\VisualScripting.Core\Dependencies\YamlDotNet\Unity.VisualScripting.YamlDotNet.dll
Symbol file LoadedFromMemory doesn't match image C:\Unity3D_NowOut\NowOut2022\Library\PackageCache\com.unity.visualscripting@1.7.8\Editor\VisualScripting.Core\Dependencies\DotNetZip\Unity.VisualScripting.IonicZip.dll
Native extension for WindowsStandalone target not found
Native extension for Android target not found
<<<<<<< HEAD
Refreshing native plugins compatible for Editor in 2.55 ms, found 3 plugins.
Preloading 0 native plugins for Editor in 0.00 ms.
Mono: successfully reloaded assembly
- Completed reload, in  5.756 seconds
Domain Reload Profiling:
	ReloadAssembly (5760ms)
		BeginReloadAssembly (802ms)
			ExecutionOrderSort (0ms)
			DisableScriptedObjects (38ms)
			BackupInstance (0ms)
			ReleaseScriptingObjects (0ms)
			CreateAndSetChildDomain (216ms)
		EndReloadAssembly (4292ms)
			LoadAssemblies (457ms)
			RebuildTransferFunctionScriptingTraits (0ms)
			SetupTypeCache (1435ms)
			ReleaseScriptCaches (3ms)
			RebuildScriptCaches (280ms)
			SetupLoadedEditorAssemblies (1947ms)
				LogAssemblyErrors (0ms)
				InitializePlatformSupportModulesInManaged (69ms)
				SetLoadedEditorAssemblies (3ms)
				RefreshPlugins (3ms)
				BeforeProcessingInitializeOnLoad (470ms)
				ProcessInitializeOnLoadAttributes (1194ms)
				ProcessInitializeOnLoadMethodAttributes (157ms)
				AfterProcessingInitializeOnLoad (49ms)
				EditorAssembliesLoaded (1ms)
			ExecutionOrderSort2 (0ms)
			AwakeInstancesAfterBackupRestoration (57ms)
Platform modules already initialized, skipping
========================================================================
Worker process is ready to serve import requests
Launched and connected shader compiler UnityShaderCompiler.exe after 0.27 seconds
Refreshing native plugins compatible for Editor in 2.18 ms, found 3 plugins.
Preloading 0 native plugins for Editor in 0.00 ms.
Unloading 3434 Unused Serialized files (Serialized files now loaded: 0)
Unloading 27 unused Assets / (111.7 KB). Loaded Objects now: 3894.
Memory consumption went from 124.1 MB to 124.0 MB.
Total: 13.994600 ms (FindLiveObjects: 0.776200 ms CreateObjectMapping: 0.591000 ms MarkObjects: 12.201600 ms  DeleteObjects: 0.422400 ms)

AssetImportParameters requested are different than current active one (requested -> active):
  custom:video-decoder-ogg-theora: a1e56fd34408186e4bbccfd4996cb3dc -> 
  custom:container-muxer-webm: aa71ff27fc2769a1b78a27578f13a17b -> 
  custom:container-demuxer-webm: 4f35f7cbe854078d1ac9338744f61a02 -> 
  custom:video-encoder-webm-vp8: eb34c28f22e8b96e1ab97ce403110664 -> 
  custom:video-codec-MediaFoundation-h265: 746d11721c4dcdbdad8f713fa42b33f4 -> 
  custom:audio-encoder-webm-vorbis: bf7c407c2cedff20999df2af8eb42d56 -> 
  custom:framework-win-MediaFoundation: 216162199b28c13a410421893ffa2e32 -> 
  custom:container-demuxer-ogg: 62fdf1f143b41e24485cea50d1cbac27 -> 
  custom:video-decoder-webm-vp8: 9c59270c3fd7afecdb556c50c9e8de78 -> 
  custom:audio-decoder-ogg-vorbis: bf7c407c2cedff20999df2af8eb42d56 -> 
========================================================================
Received Import Request.
  Time since last request: 259757.406177 seconds.
  path: Assets/Scenes/SampleScene/Lightmap-0_comp_light.exr
  artifactKey: Guid(c02dda5f3eacfc6489705663332eb904) Importer(815301076,1909f56bfc062723c751e8b465ee728b)
Start importing Assets/Scenes/SampleScene/Lightmap-0_comp_light.exr using Guid(c02dda5f3eacfc6489705663332eb904) Importer(815301076,1909f56bfc062723c751e8b465ee728b)  -> (artifact id: '1d9767dd46123376cc2f7989f4fbb113') in 0.508373 seconds 
========================================================================
Received Import Request.
  Time since last request: 0.000082 seconds.
  path: Assets/Scenes/SampleScene/LightingData.asset
  artifactKey: Guid(6c3c86c7608670a46b1a571e8c5f19b2) Importer(815301076,1909f56bfc062723c751e8b465ee728b)
Start importing Assets/Scenes/SampleScene/LightingData.asset using Guid(6c3c86c7608670a46b1a571e8c5f19b2) Importer(815301076,1909f56bfc062723c751e8b465ee728b)  -> (artifact id: '00c883035565630f68f9bffc20690c3a') in 0.075647 seconds 
========================================================================
Received Import Request.
  Time since last request: 0.000151 seconds.
  path: Assets/Scenes/SampleScene/Lightmap-0_comp_dir.png
  artifactKey: Guid(cd821877b7b2f4c41ac84f9e0cfcd69e) Importer(815301076,1909f56bfc062723c751e8b465ee728b)
Start importing Assets/Scenes/SampleScene/Lightmap-0_comp_dir.png using Guid(cd821877b7b2f4c41ac84f9e0cfcd69e) Importer(815301076,1909f56bfc062723c751e8b465ee728b)  -> (artifact id: 'd80eafe02ebc314df662c3c393b8df0c') in 0.194221 seconds 
========================================================================
Received Import Request.
  Time since last request: 7.353595 seconds.
  path: Assets/Images_KSH/Diary1.png
  artifactKey: Guid(f5297dc7ee918ee468c7174093676e7c) Importer(815301076,1909f56bfc062723c751e8b465ee728b)
Start importing Assets/Images_KSH/Diary1.png using Guid(f5297dc7ee918ee468c7174093676e7c) Importer(815301076,1909f56bfc062723c751e8b465ee728b)  -> (artifact id: 'ac524634d7145fdc3761956302bb2a72') in 0.303499 seconds 
========================================================================
Received Import Request.
  Time since last request: 0.000164 seconds.
  path: Assets/Images_KSH/Diary1_2.png
  artifactKey: Guid(8d9c239eb62d71446940a1d9c1e3e258) Importer(815301076,1909f56bfc062723c751e8b465ee728b)
Start importing Assets/Images_KSH/Diary1_2.png using Guid(8d9c239eb62d71446940a1d9c1e3e258) Importer(815301076,1909f56bfc062723c751e8b465ee728b)  -> (artifact id: '9b5ff1219bbac11be2cf5bc9c220fe66') in 0.168477 seconds 
========================================================================
Received Import Request.
  Time since last request: 34.316262 seconds.
  path: Assets/Scenes/Episode1_LJY/ReflectionProbe-0.exr
  artifactKey: Guid(053a4ca8056cc8446a352b062a2d1265) Importer(815301076,1909f56bfc062723c751e8b465ee728b)
Start importing Assets/Scenes/Episode1_LJY/ReflectionProbe-0.exr using Guid(053a4ca8056cc8446a352b062a2d1265) Importer(815301076,1909f56bfc062723c751e8b465ee728b)  -> (artifact id: '720c1381eec7644e976d9e47df1d99af') in 0.161244 seconds 
=======
Refreshing native plugins compatible for Editor in 1.69 ms, found 3 plugins.
Preloading 0 native plugins for Editor in 0.00 ms.
Mono: successfully reloaded assembly
>>>>>>> b7c671b61787122e07d38899772dbb7b86349bf5
